c:\users\danie\source\repos\fft2\fft\x64\debug\vc143.pdb
c:\users\danie\source\repos\fft2\fft\x64\debug\vc143.idb
c:\users\danie\source\repos\fft2\fft\x64\debug\stdafx.obj
c:\users\danie\source\repos\fft2\fft\x64\debug\ambiguity.cu.obj
c:\users\danie\source\repos\fft2\fft\x64\debug\kernel.cu.obj
c:\users\danie\source\repos\fft2\x64\debug\fft.lib
c:\users\danie\source\repos\fft2\x64\debug\fft.exp
c:\users\danie\source\repos\fft2\fft\x64\debug\fft.ilk
c:\users\danie\source\repos\fft2\x64\debug\fft.dll
c:\users\danie\source\repos\fft2\x64\debug\fft.pdb
c:\users\danie\source\repos\fft2\fft\x64\debug\ambiguity.cu.cache
c:\users\danie\source\repos\fft2\fft\x64\debug\kernel.cu.cache
c:\users\danie\source\repos\fft2\fft\x64\debug\fft.tlog\cl.command.1.tlog
c:\users\danie\source\repos\fft2\fft\x64\debug\fft.tlog\cl.read.1.tlog
c:\users\danie\source\repos\fft2\fft\x64\debug\fft.tlog\cl.write.1.tlog
c:\users\danie\source\repos\fft2\fft\x64\debug\fft.tlog\cudacompile.read.1u.tlog
c:\users\danie\source\repos\fft2\fft\x64\debug\fft.tlog\cudacompile.write.1u.tlog
c:\users\danie\source\repos\fft2\fft\x64\debug\fft.tlog\fft.write.1u.tlog
c:\users\danie\source\repos\fft2\fft\x64\debug\fft.tlog\link.command.1.tlog
c:\users\danie\source\repos\fft2\fft\x64\debug\fft.tlog\link.read.1.tlog
c:\users\danie\source\repos\fft2\fft\x64\debug\fft.tlog\link.write.1.tlog
