c:\users\danie\source\repos\ambiguitycuda\x64\release\ambiguity.lib
c:\users\danie\source\repos\ambiguitycuda\x64\release\ambiguity.exp
c:\users\danie\source\repos\ambiguitycuda\fft\x64\release\vc143.pdb
c:\users\danie\source\repos\ambiguitycuda\fft\x64\release\stdafx.obj
c:\users\danie\source\repos\ambiguitycuda\fft\x64\release\ambiguity.cu.obj
c:\users\danie\source\repos\ambiguitycuda\fft\x64\release\kernel.cu.obj
c:\users\danie\source\repos\ambiguitycuda\x64\release\ambiguity.dll
c:\users\danie\source\repos\ambiguitycuda\x64\release\ambiguity.pdb
c:\users\danie\source\repos\ambiguitycuda\fft\x64\release\ambiguity.iobj
c:\users\danie\source\repos\ambiguitycuda\fft\x64\release\ambiguity.res
c:\users\danie\source\repos\ambiguitycuda\fft\x64\release\ambiguity.cu.cache
c:\users\danie\source\repos\ambiguitycuda\fft\x64\release\kernel.cu.cache
c:\users\danie\source\repos\ambiguitycuda\fft\x64\release\ambiguity.tlog\ambiguity.write.1u.tlog
c:\users\danie\source\repos\ambiguitycuda\fft\x64\release\ambiguity.tlog\cl.command.1.tlog
c:\users\danie\source\repos\ambiguitycuda\fft\x64\release\ambiguity.tlog\cl.read.1.tlog
c:\users\danie\source\repos\ambiguitycuda\fft\x64\release\ambiguity.tlog\cl.write.1.tlog
c:\users\danie\source\repos\ambiguitycuda\fft\x64\release\ambiguity.tlog\cudacompile.read.1u.tlog
c:\users\danie\source\repos\ambiguitycuda\fft\x64\release\ambiguity.tlog\cudacompile.write.1u.tlog
c:\users\danie\source\repos\ambiguitycuda\fft\x64\release\ambiguity.tlog\link.command.1.tlog
c:\users\danie\source\repos\ambiguitycuda\fft\x64\release\ambiguity.tlog\link.read.1.tlog
c:\users\danie\source\repos\ambiguitycuda\fft\x64\release\ambiguity.tlog\link.write.1.tlog
c:\users\danie\source\repos\ambiguitycuda\fft\x64\release\ambiguity.tlog\rc.command.1.tlog
c:\users\danie\source\repos\ambiguitycuda\fft\x64\release\ambiguity.tlog\rc.read.1.tlog
c:\users\danie\source\repos\ambiguitycuda\fft\x64\release\ambiguity.tlog\rc.write.1.tlog
