C:\Program Files\Microsoft Visual Studio\2022\Community\MSBuild\Microsoft\VC\v170\Microsoft.CppBuild.targets(514,5): warning MSB8028: Katalog pośredni (x64\Release\) zawiera pliki udostępnione z innego projektu (Amviguity.vcxproj, fft.vcxproj). Może to spowodować niepoprawne zachowanie podczas oczyszczania i ponownej kompilacji.
  Compiling CUDA source file Ambiguity.cu...
  Compiling CUDA source file kernel.cu...
  
  C:\Users\danie\source\repos\AmbiguityCUDA\fft>"C:\Program Files\NVIDIA GPU Computing Toolkit\CUDA\v11.6\bin\nvcc.exe" -gencode=arch=compute_52,code=\"sm_52,compute_52\" --use-local-env -ccbin "C:\Program Files\Microsoft Visual Studio\2022\Community\VC\Tools\MSVC\14.31.31103\bin\HostX64\x64" -x cu   -I"C:\Program Files\NVIDIA GPU Computing Toolkit\CUDA\v11.6\include" -I"C:\Program Files\NVIDIA GPU Computing Toolkit\CUDA\v11.6\include"     --keep-dir x64\Release -use_fast_math -maxrregcount=0  --machine 64 --compile -cudart static    -DWIN32 -DWIN64 -DNDEBUG -D_CONSOLE -D_WINDLL -D_MBCS -Xcompiler "/EHsc /W3 /nologo /O2 /Fdx64\Release\vc143.pdb /FS   /MD " -o C:\Users\danie\source\repos\AmbiguityCUDA\fft\x64\Release\kernel.cu.obj "C:\Users\danie\source\repos\AmbiguityCUDA\fft\kernel.cu" 
  
  C:\Users\danie\source\repos\AmbiguityCUDA\fft>"C:\Program Files\NVIDIA GPU Computing Toolkit\CUDA\v11.6\bin\nvcc.exe" -gencode=arch=compute_52,code=\"sm_52,compute_52\" --use-local-env -ccbin "C:\Program Files\Microsoft Visual Studio\2022\Community\VC\Tools\MSVC\14.31.31103\bin\HostX64\x64" -x cu   -I"C:\Program Files\NVIDIA GPU Computing Toolkit\CUDA\v11.6\include" -I"C:\Program Files\NVIDIA GPU Computing Toolkit\CUDA\v11.6\include"     --keep-dir x64\Release -use_fast_math -maxrregcount=0  --machine 64 --compile -cudart static    -DWIN32 -DWIN64 -DNDEBUG -D_CONSOLE -D_WINDLL -D_MBCS -Xcompiler "/EHsc /W3 /nologo /O2 /Fdx64\Release\vc143.pdb /FS   /MD " -o C:\Users\danie\source\repos\AmbiguityCUDA\fft\x64\Release\Ambiguity.cu.obj "C:\Users\danie\source\repos\AmbiguityCUDA\fft\Ambiguity.cu" 
C:\Users\danie\source\repos\AmbiguityCUDA\fft\Ambiguity.cu(52): warning #1390-D: dllexport/dllimport conflict with "Run"
  C:\Users\danie\source\repos\AmbiguityCUDA\fft\ambiguity.h(18): here; dllexport assumed
  
C:\Users\danie\source\repos\AmbiguityCUDA\fft\Ambiguity.cu(343): warning #1390-D: dllexport/dllimport conflict with "Initialize"
  C:\Users\danie\source\repos\AmbiguityCUDA\fft\ambiguity.h(17): here; dllexport assumed
  
C:\Users\danie\source\repos\AmbiguityCUDA\fft\Ambiguity.cu(430): warning #1390-D: dllexport/dllimport conflict with "Release"
  C:\Users\danie\source\repos\AmbiguityCUDA\fft\ambiguity.h(19): here; dllexport assumed
  
C:\Users\danie\source\repos\AmbiguityCUDA\fft\Ambiguity.cu(52): warning #1390-D: dllexport/dllimport conflict with "Run"
  C:\Users\danie\source\repos\AmbiguityCUDA\fft\ambiguity.h(18): here; dllexport assumed
  
C:\Users\danie\source\repos\AmbiguityCUDA\fft\Ambiguity.cu(343): warning #1390-D: dllexport/dllimport conflict with "Initialize"
  C:\Users\danie\source\repos\AmbiguityCUDA\fft\ambiguity.h(17): here; dllexport assumed
  
C:\Users\danie\source\repos\AmbiguityCUDA\fft\Ambiguity.cu(430): warning #1390-D: dllexport/dllimport conflict with "Release"
  C:\Users\danie\source\repos\AmbiguityCUDA\fft\ambiguity.h(19): here; dllexport assumed
  
  kernel.cu
  Ambiguity.cu
C:\Users\danie\source\repos\AmbiguityCUDA\fft\Ambiguity.cu(52): warning C4273: "Run": niespójne powiązanie biblioteki dll
  C:\Users\danie\source\repos\AmbiguityCUDA\fft\ambiguity.h(18): note: zobacz poprzednią definicję "Run"
C:\Users\danie\source\repos\AmbiguityCUDA\fft\Ambiguity.cu(343): warning C4273: "Initialize": niespójne powiązanie biblioteki dll
  C:\Users\danie\source\repos\AmbiguityCUDA\fft\ambiguity.h(17): note: zobacz poprzednią definicję "Initialize"
C:\Users\danie\source\repos\AmbiguityCUDA\fft\Ambiguity.cu(430): warning C4273: "Release": niespójne powiązanie biblioteki dll
  C:\Users\danie\source\repos\AmbiguityCUDA\fft\ambiguity.h(19): note: zobacz poprzednią definicję "Release"
C:\Users\danie\source\repos\AmbiguityCUDA\fft\Ambiguity.cu(654): warning C4267: "argument": konwersja z "size_t" do "unsigned int", możliwa utrata danych
C:\Users\danie\source\repos\AmbiguityCUDA\fft\Ambiguity.cu(671): warning C4267: "argument": konwersja z "size_t" do "unsigned int", możliwa utrata danych
C:\Users\danie\source\repos\AmbiguityCUDA\fft\Ambiguity.cu(690): warning C4267: "argument": konwersja z "size_t" do "unsigned int", możliwa utrata danych
C:\Users\danie\source\repos\AmbiguityCUDA\fft\Ambiguity.cu(706): warning C4267: "argument": konwersja z "size_t" do "unsigned int", możliwa utrata danych
C:\Users\danie\source\repos\AmbiguityCUDA\fft\Ambiguity.cu(724): warning C4267: "argument": konwersja z "size_t" do "unsigned int", możliwa utrata danych
  stdafx.cpp
     Trwa tworzenie biblioteki C:\Users\danie\source\repos\AmbiguityCUDA\x64\Release\Ambiguity.lib i obiektu C:\Users\danie\source\repos\AmbiguityCUDA\x64\Release\Ambiguity.exp
  Trwa generowanie kodu
  Incremental LTCG not supported for -Od component, build without incremental LTCG.
  Zakończono generowanie kodu
  fft.vcxproj -> C:\Users\danie\source\repos\AmbiguityCUDA\x64\Release\Ambiguity.dll
